c:\users\user\downloads\telegram desktop\bullet_jornal\bullet_jornal\debug\vc142.pdb
c:\users\user\downloads\telegram desktop\bullet_jornal\bullet_jornal\debug\vc142.idb
c:\users\user\downloads\telegram desktop\bullet_jornal\bullet_jornal\debug\txtfile.obj
c:\users\user\downloads\telegram desktop\bullet_jornal\bullet_jornal\debug\ring.obj
c:\users\user\downloads\telegram desktop\bullet_jornal\bullet_jornal\debug\notifications.obj
c:\users\user\downloads\telegram desktop\bullet_jornal\bullet_jornal\debug\notes.obj
c:\users\user\downloads\telegram desktop\bullet_jornal\bullet_jornal\debug\nodering.obj
c:\users\user\downloads\telegram desktop\bullet_jornal\bullet_jornal\debug\myiterator.obj
c:\users\user\downloads\telegram desktop\bullet_jornal\bullet_jornal\debug\monthplans.obj
c:\users\user\downloads\telegram desktop\bullet_jornal\bullet_jornal\debug\message.obj
c:\users\user\downloads\telegram desktop\bullet_jornal\bullet_jornal\debug\halfayearplan.obj
c:\users\user\downloads\telegram desktop\bullet_jornal\bullet_jornal\debug\globalinformation.obj
c:\users\user\downloads\telegram desktop\bullet_jornal\bullet_jornal\debug\exception.obj
c:\users\user\downloads\telegram desktop\bullet_jornal\bullet_jornal\debug\calendar.obj
c:\users\user\downloads\telegram desktop\bullet_jornal\bullet_jornal\debug\interface.obj
c:\users\user\downloads\telegram desktop\bullet_jornal\bullet_jornal\debug\main.obj
c:\users\user\downloads\telegram desktop\bullet_jornal\bullet_jornal\debug\bullet_jornal.exe
c:\users\user\downloads\telegram desktop\bullet_jornal\bullet_jornal\debug\bullet_jornal.ilk
c:\users\user\downloads\telegram desktop\bullet_jornal\bullet_jornal\debug\bullet_jornal.pdb
c:\users\user\downloads\telegram desktop\bullet_jornal\bullet_jornal\debug\bullet_jornal.tlog\cl.command.1.tlog
c:\users\user\downloads\telegram desktop\bullet_jornal\bullet_jornal\debug\bullet_jornal.tlog\cl.read.1.tlog
c:\users\user\downloads\telegram desktop\bullet_jornal\bullet_jornal\debug\bullet_jornal.tlog\cl.write.1.tlog
c:\users\user\downloads\telegram desktop\bullet_jornal\bullet_jornal\debug\bullet_jornal.tlog\link.command.1.tlog
c:\users\user\downloads\telegram desktop\bullet_jornal\bullet_jornal\debug\bullet_jornal.tlog\link.read.1.tlog
c:\users\user\downloads\telegram desktop\bullet_jornal\bullet_jornal\debug\bullet_jornal.tlog\link.write.1.tlog
